============================================================================
  HYBRID PPO DOOM — DIGITAL BRAIN SUBSTRATE
  Backend: mps | Scale: small | Device: cpu | Scenario: deadly_corridor
============================================================================

============================================================================
  Hybrid PPO Doom (deadly_corridor)
  PPO readout over digital-brain spike features with optional bio feedback
============================================================================
    Brain: 1010 neurons, 18128 synapses on cpu
    Warmup complete
    Policy: obs_dim=55, spike_dim=15, stim_groups=8, decoder_hidden=32, encoder_hidden=64
    Ablations: spike=none, stim=none, freeze_decoder=True, freeze_encoder=False, bio_feedback=True
    Episode   4/24: survival 100%, return -2.42, damage -61.5, kills 0.50
    Episode   8/24: survival 50%, return -9.68, damage -100.5, kills 0.00
    Episode  12/24: survival 50%, return -10.75, damage -85.5, kills 0.00
    Episode  16/24: survival 25%, return -13.16, damage -97.5, kills 0.00
    Episode  20/24: survival 50%, return -10.18, damage -84.0, kills 0.00
    Episode  24/24: survival 25%, return -10.42, damage -91.5, kills 0.25

    Results:
    First quarter avg survival: 0.67
    Last quarter avg survival:  0.33
    First quarter avg return:         -5.65
    Last quarter avg return:          -10.58
    Total kills:                      3
    Avg damage / episode:             86.75
    Last update losses:               pi=0.1464, vf=10.6970, act_ent=1.7244, enc_ent=-0.6390
    FAIL in 34.1s

============================================================================
  SUMMARY
============================================================================
    Hybrid PPO training [FAIL]  34.1s
============================================================================

  JSON results written to: results/hybrid_ppo_deadly_corridor_20260310/freeze_decoder_seed41.json
