============================================================================
  HYBRID PPO DOOM — DIGITAL BRAIN SUBSTRATE
  Backend: mps | Scale: small | Device: cpu | Scenario: deadly_corridor
============================================================================

============================================================================
  Hybrid PPO Doom (deadly_corridor)
  PPO readout over digital-brain spike features with optional bio feedback
============================================================================
    Brain: 1010 neurons, 18154 synapses on cpu
    Warmup complete
    Policy: obs_dim=55, spike_dim=15, stim_groups=8, decoder_hidden=32, encoder_hidden=64
    Ablations: spike=none, stim=none, freeze_decoder=True, freeze_encoder=False, bio_feedback=True
    Episode   4/24: survival 50%, return -9.24, damage -90.0, kills 0.25
    Episode   8/24: survival 50%, return -9.17, damage -84.0, kills 0.25
    Episode  12/24: survival 75%, return -5.30, damage -84.0, kills 0.75
    Episode  16/24: survival 75%, return -7.25, damage -90.0, kills 0.25
    Episode  20/24: survival 50%, return -8.99, damage -105.0, kills 0.50
    Episode  24/24: survival 0%, return -13.86, damage -112.5, kills 0.00

    Results:
    First quarter avg survival: 0.50
    Last quarter avg survival:  0.17
    First quarter avg return:         -9.85
    Last quarter avg return:          -12.82
    Total kills:                      8
    Avg damage / episode:             94.25
    Last update losses:               pi=0.1663, vf=12.2583, act_ent=1.7886, enc_ent=-0.6080
    FAIL in 34.8s

============================================================================
  SUMMARY
============================================================================
    Hybrid PPO training [FAIL]  34.8s
============================================================================

  JSON results written to: results/hybrid_ppo_deadly_corridor_20260310/freeze_decoder_seed43.json
