============================================================================
  HYBRID PPO DOOM — DIGITAL BRAIN SUBSTRATE
  Backend: mps | Scale: small | Device: cpu | Scenario: deadly_corridor
============================================================================

============================================================================
  Hybrid PPO Doom (deadly_corridor)
  PPO readout over digital-brain spike features with optional bio feedback
============================================================================
    Brain: 1010 neurons, 18154 synapses on cpu
    Warmup complete
    Policy: obs_dim=55, spike_dim=15, stim_groups=8, decoder_hidden=32, encoder_hidden=64
    Ablations: spike=none, stim=none, freeze_decoder=False, freeze_encoder=False, bio_feedback=True
    Episode   4/24: survival 50%, return -9.24, damage -90.0, kills 0.25
    Episode   8/24: survival 50%, return -9.17, damage -84.0, kills 0.25
    Episode  12/24: survival 75%, return -6.00, damage -90.0, kills 0.50
    Episode  16/24: survival 50%, return -8.25, damage -84.0, kills 0.25
    Episode  20/24: survival 50%, return -10.24, damage -105.0, kills 0.25
    Episode  24/24: survival 25%, return -12.46, damage -106.5, kills 0.00

    Results:
    First quarter avg survival: 0.50
    Last quarter avg survival:  0.33
    First quarter avg return:         -9.85
    Last quarter avg return:          -11.89
    Total kills:                      6
    Avg damage / episode:             93.25
    Last update losses:               pi=0.0137, vf=8.4789, act_ent=1.7834, enc_ent=-0.6072
    FAIL in 33.5s

============================================================================
  SUMMARY
============================================================================
    Hybrid PPO training [FAIL]  33.5s
============================================================================

  JSON results written to: results/hybrid_ppo_deadly_corridor_20260310/full_seed43.json
