============================================================================
  HYBRID PPO DOOM — DIGITAL BRAIN SUBSTRATE
  Backend: mps | Scale: small | Device: cpu | Scenario: deadly_corridor
============================================================================

============================================================================
  Hybrid PPO Doom (deadly_corridor)
  PPO readout over digital-brain spike features with optional bio feedback
============================================================================
    Brain: 1010 neurons, 18110 synapses on cpu
    Warmup complete
    Policy: obs_dim=55, spike_dim=15, stim_groups=8, decoder_hidden=32, encoder_hidden=64
    Ablations: spike=zero, stim=none, freeze_decoder=False, freeze_encoder=False, bio_feedback=True
    Episode   4/24: survival 25%, return -10.79, damage -100.5, kills 0.25
    Episode   8/24: survival 25%, return -11.41, damage -100.5, kills 0.00
    Episode  12/24: survival 50%, return -10.44, damage -90.0, kills 0.00
    Episode  16/24: survival 75%, return -7.05, damage -85.5, kills 0.25
    Episode  20/24: survival 75%, return -7.95, damage -85.5, kills 0.00
    Episode  24/24: survival 100%, return -5.68, damage -69.0, kills 0.00

    Results:
    First quarter avg survival: 0.17
    Last quarter avg survival:  1.00
    First quarter avg return:         -11.84
    Last quarter avg return:          -6.14
    Total kills:                      2
    Avg damage / episode:             88.50
    Last update losses:               pi=0.0222, vf=2.5855, act_ent=1.7905, enc_ent=-0.6028
    PASS in 31.5s

============================================================================
  SUMMARY
============================================================================
    Hybrid PPO training [PASS]  31.5s
============================================================================

  JSON results written to: results/hybrid_ppo_deadly_corridor_20260310/spike_zero_seed42.json
