============================================================================
  HYBRID PPO DOOM — DIGITAL BRAIN SUBSTRATE
  Backend: mps | Scale: small | Device: cpu | Scenario: deadly_corridor
============================================================================

============================================================================
  Hybrid PPO Doom (deadly_corridor)
  PPO readout over digital-brain spike features with optional bio feedback
============================================================================
    Brain: 1010 neurons, 18128 synapses on cpu
    Warmup complete
    Policy: obs_dim=55, spike_dim=15, stim_groups=8, decoder_hidden=32, encoder_hidden=64
    Ablations: spike=zero, stim=none, freeze_decoder=False, freeze_encoder=False, bio_feedback=True
    Episode   4/24: survival 100%, return -6.12, damage -73.5, kills 0.00
    Episode   8/24: survival 50%, return -6.58, damage -94.5, kills 0.50
    Episode  12/24: survival 75%, return -7.01, damage -75.0, kills 0.25
    Episode  16/24: survival 25%, return -12.16, damage -97.5, kills 0.25
    Episode  20/24: survival 50%, return -9.73, damage -79.5, kills 0.00
    Episode  24/24: survival 25%, return -11.67, damage -91.5, kills 0.00

    Results:
    First quarter avg survival: 0.67
    Last quarter avg survival:  0.33
    First quarter avg return:         -8.11
    Last quarter avg return:          -10.92
    Total kills:                      4
    Avg damage / episode:             85.25
    Last update losses:               pi=-0.0974, vf=5.6536, act_ent=1.7900, enc_ent=-0.6397
    FAIL in 32.1s

============================================================================
  SUMMARY
============================================================================
    Hybrid PPO training [FAIL]  32.1s
============================================================================

  JSON results written to: results/hybrid_ppo_deadly_corridor_20260310/spike_zero_seed41.json
