============================================================================
  HYBRID PPO DOOM — DIGITAL BRAIN SUBSTRATE
  Backend: mps | Scale: small | Device: cpu | Scenario: deadly_corridor
============================================================================

============================================================================
  Hybrid PPO Doom (deadly_corridor)
  PPO readout over digital-brain spike features with optional bio feedback
============================================================================
    Brain: 1010 neurons, 18110 synapses on cpu
    Warmup complete
    Policy: obs_dim=55, spike_dim=15, stim_groups=8, decoder_hidden=32, encoder_hidden=64
    Ablations: spike=none, stim=zero, freeze_decoder=False, freeze_encoder=False, bio_feedback=True
    Episode   4/24: survival 50%, return -9.55, damage -90.0, kills 0.25
    Episode   8/24: survival 50%, return -8.50, damage -90.0, kills 0.25
    Episode  12/24: survival 75%, return -6.44, damage -73.5, kills 0.25
    Episode  16/24: survival 75%, return -8.30, damage -85.5, kills 0.00
    Episode  20/24: survival 100%, return -3.82, damage -73.5, kills 0.50
    Episode  24/24: survival 75%, return -3.38, damage -70.5, kills 0.50

    Results:
    First quarter avg survival: 0.33
    Last quarter avg survival:  0.83
    First quarter avg return:         -11.01
    Last quarter avg return:          -3.64
    Total kills:                      7
    Avg damage / episode:             80.50
    Last update losses:               pi=-0.0599, vf=3.5745, act_ent=1.7233, enc_ent=0.0000
    PASS in 33.1s

============================================================================
  SUMMARY
============================================================================
    Hybrid PPO training [PASS]  33.1s
============================================================================

  JSON results written to: results/hybrid_ppo_deadly_corridor_20260310/stim_zero_seed42.json
